<?xml version="1.0" encoding="UTF-8"?>
<testng-results skipped="0" failed="0" ignored="0" total="2" passed="2">
  <reporter-output>
  </reporter-output>
  <suite name="演训产品中心API接口测试套件" duration-ms="772" started-at="2020-05-21T23:21:09 CST" finished-at="2020-05-21T23:21:10 CST">
    <groups>
    </groups>
    <test name="演训产品中心API接口测试用例" duration-ms="772" started-at="2020-05-21T23:21:09 CST" finished-at="2020-05-21T23:21:10 CST">
      <class name="com.dadalong.autotest.testng.TestCases">
        <test-method status="PASS" signature="testGet(java.lang.String)[pri:0, instance:com.dadalong.autotest.testng.TestCases@277120b4]" name="testGet" duration-ms="575" started-at="2020-05-21T23:21:09 CST" finished-at="2020-05-21T23:21:10 CST">
          <params>
            <param index="0">
              <value>
                <![CDATA[http://localhost:9001/api/filterMap]]>
              </value>
            </param>
          </params>
          <reporter-output>
          </reporter-output>
        </test-method> <!-- testGet -->
        <test-method status="PASS" signature="testPost(java.lang.String, java.lang.String)[pri:0, instance:com.dadalong.autotest.testng.TestCases@277120b4]" name="testPost" duration-ms="114" started-at="2020-05-21T23:21:10 CST" finished-at="2020-05-21T23:21:10 CST">
          <params>
            <param index="0">
              <value>
                <![CDATA[http://localhost:9001/user/login]]>
              </value>
            </param>
            <param index="1">
              <value>
                <![CDATA[{"username":"大大龙","password":"123456","lastIp":"127.0.0.1"}]]>
              </value>
            </param>
          </params>
          <reporter-output>
          </reporter-output>
        </test-method> <!-- testPost -->
      </class> <!-- com.dadalong.autotest.testng.TestCases -->
    </test> <!-- 演训产品中心API接口测试用例 -->
  </suite> <!-- 演训产品中心API接口测试套件 -->
</testng-results>
